<?xml version="1.0" encoding="UTF-8"?>
<!-- Generated by org.testng.reporters.JUnitReportReporter -->
<testsuite hostname="Akshay" failures="0" tests="2" name="testng1.ToruMethodParallay" time="0.053" errors="0" timestamp="2021-06-09T14:29:06 IST" skipped="0">
  <testcase classname="testng1.ToruMethodParallay" name="m1" time="0.045"/>
  <system-out>
    <![CDATA[akshay]]>
  </system-out>
  <testcase classname="testng1.ToruMethodParallay" name="m2" time="0.008"/>
  <system-out>
    <![CDATA[omkar]]>
  </system-out>
</testsuite> <!-- testng1.ToruMethodParallay -->
