<?xml version="1.0" encoding="UTF-8"?>
<!-- Generated by org.testng.reporters.JUnitReportReporter -->
<testsuite hostname="Akshay" failures="0" tests="1" name="testng.depends1" time="0.002" errors="0" timestamp="2021-06-15T12:08:22 IST" skipped="0">
  <testcase classname="testng.depends1" name="m7" time="0.002"/>
  <system-out>
    <![CDATA[pooja is two]]>
  </system-out>
</testsuite> <!-- testng.depends1 -->
