<?xml version="1.0" encoding="UTF-8"?>
<!-- Generated by org.testng.reporters.JUnitReportReporter -->
<testsuite hostname="Akshay" failures="0" tests="1" name="testng12.groups2" time="0.016" errors="0" timestamp="2021-06-09T21:14:38 IST" skipped="0">
  <testcase classname="testng12.groups2" name="testcase6" time="0.016"/>
  <system-out>
    <![CDATA[akshay3 is op]]>
  </system-out>
</testsuite> <!-- testng12.groups2 -->
