<?xml version="1.0" encoding="UTF-8"?>
<!-- Generated by org.testng.reporters.JUnitReportReporter -->
<testsuite hostname="Akshay" failures="0" tests="2" name="testng.dependsON" time="0.025" errors="0" timestamp="2021-06-15T12:16:32 IST" skipped="0">
  <testcase classname="testng.dependsON" name="m2" time="0.021"/>
  <system-out>
    <![CDATA[omkar is two]]>
  </system-out>
  <testcase classname="testng.dependsON" name="m4" time="0.004"/>
  <system-out>
    <![CDATA[pooja is two]]>
  </system-out>
</testsuite> <!-- testng.dependsON -->
