<?xml version="1.0" encoding="UTF-8"?>
<!-- Generated by org.testng.reporters.JUnitReportReporter -->
<testsuite hostname="Akshay" failures="0" tests="2" name="testng1.ToruMethodParallay1" time="0.087" errors="0" timestamp="2021-06-09T14:29:06 IST" skipped="0">
  <testcase classname="testng1.ToruMethodParallay1" name="m3" time="0.040"/>
  <system-out>
    <![CDATA[yogesh]]>
  </system-out>
  <testcase classname="testng1.ToruMethodParallay1" name="m4" time="0.047"/>
  <system-out>
    <![CDATA[pratik]]>
  </system-out>
</testsuite> <!-- testng1.ToruMethodParallay1 -->
