<?xml version="1.0" encoding="UTF-8"?>
<!-- Generated by org.testng.reporters.JUnitReportReporter -->
<testsuite hostname="Akshay" failures="0" tests="1" name="testng.parameter" time="0.014" errors="0" timestamp="2021-06-15T13:15:13 IST" skipped="0">
  <testcase classname="testng.parameter" name="testCase1" time="0.014"/>
  <system-out/>
</testsuite> <!-- testng.parameter -->
