<?xml version="1.0" encoding="UTF-8"?>
<!-- Generated by org.testng.reporters.JUnitReportReporter -->
<testsuite hostname="Akshay" failures="0" tests="2" name="testng.parallelmethods" time="0.036" errors="0" timestamp="2021-06-15T12:26:54 IST" skipped="0">
  <testcase classname="testng.parallelmethods" name="m2" time="0.007"/>
  <system-out>
    <![CDATA[omkar is two]]>
  </system-out>
  <testcase classname="testng.parallelmethods" name="m1" time="0.029"/>
  <system-out>
    <![CDATA[pooja is two]]>
  </system-out>
</testsuite> <!-- testng.parallelmethods -->
