<?xml version="1.0" encoding="UTF-8"?>
<!-- Generated by org.testng.reporters.JUnitReportReporter -->
<testsuite hostname="Akshay" failures="0" tests="3" name="testng1.Inclusion_Exclusion" time="0.031" errors="0" timestamp="2021-06-09T14:44:35 IST" skipped="0">
  <testcase classname="testng1.Inclusion_Exclusion" name="testcase2" time="0.021"/>
  <system-out>
    <![CDATA[omkar is op]]>
  </system-out>
  <testcase classname="testng1.Inclusion_Exclusion" name="testcase3" time="0.005"/>
  <system-out>
    <![CDATA[pratik is op]]>
  </system-out>
  <testcase classname="testng1.Inclusion_Exclusion" name="testcase4" time="0.005"/>
  <system-out>
    <![CDATA[rajesh is op]]>
  </system-out>
</testsuite> <!-- testng1.Inclusion_Exclusion -->
