<?xml version="1.0" encoding="UTF-8"?>
<!-- Generated by org.testng.reporters.JUnitReportReporter -->
<testsuite hostname="Akshay" failures="0" tests="3" name="testng1.dependson1" time="0.011" errors="0" timestamp="2021-06-09T20:38:17 IST" skipped="1">
  <testcase classname="testng1.dependson1" name="m7" time="0.000">
    <skipped/>
  </testcase> <!-- m7 -->
  <system-out/>
  <testcase classname="testng1.dependson1" name="m4" time="0.002"/>
  <system-out/>
  <testcase classname="testng1.dependson1" name="m5" time="0.009"/>
  <system-out/>
</testsuite> <!-- testng1.dependson1 -->
