<?xml version="1.0" encoding="UTF-8"?>
<!-- Generated by org.testng.reporters.JUnitReportReporter -->
<testsuite hostname="Akshay" failures="0" tests="4" name="testngklkk.TestCasesForListeners" time="6.137" errors="0" timestamp="2021-06-15T14:15:30 IST" skipped="0">
  <testcase classname="testngklkk.TestCasesForListeners" name="home" time="0.017"/>
  <system-out/>
  <testcase classname="testngklkk.TestCasesForListeners" name="login" time="6.087"/>
  <system-out/>
  <testcase classname="testngklkk.TestCasesForListeners" name="profile" time="0.025"/>
  <system-out/>
  <testcase classname="testngklkk.TestCasesForListeners" name="dashboard" time="0.008"/>
  <system-out/>
</testsuite> <!-- testngklkk.TestCasesForListeners -->
