<?xml version="1.0" encoding="UTF-8"?>
<!-- Generated by org.testng.reporters.JUnitReportReporter -->
<testsuite hostname="Akshay" failures="0" tests="2" name="testng.p2" time="0.033" errors="0" timestamp="2021-06-15T12:26:54 IST" skipped="0">
  <testcase classname="testng.p2" name="m3" time="0.029"/>
  <system-out>
    <![CDATA[poojall is two]]>
  </system-out>
  <testcase classname="testng.p2" name="m4" time="0.004"/>
  <system-out>
    <![CDATA[poojakoko is two]]>
  </system-out>
</testsuite> <!-- testng.p2 -->
